<?xml version="1.0" encoding="UTF-8"?>
<testng-results skipped="0" failed="0" ignored="0" total="2" passed="2">
  <reporter-output>
  </reporter-output>
  <suite name="TestSampleClass" duration-ms="24" started-at="2019-12-12T10:35:34Z" finished-at="2019-12-12T10:35:34Z">
    <groups>
    </groups>
    <test name="Command line test" duration-ms="24" started-at="2019-12-12T10:35:34Z" finished-at="2019-12-12T10:35:34Z">
      <class name="TestSampleClass">
        <test-method status="PASS" signature="initStringsAndObjects()[pri:0, instance:TestSampleClass@191ad846]" name="initStringsAndObjects" is-config="true" duration-ms="6" started-at="2019-12-12T16:05:34Z" finished-at="2019-12-12T16:05:34Z">
          <reporter-output>
          </reporter-output>
        </test-method> <!-- initStringsAndObjects -->
        <test-method status="PASS" signature="testMergeStrings()[pri:1, instance:TestSampleClass@191ad846]" name="testMergeStrings" duration-ms="6" started-at="2019-12-12T16:05:34Z" finished-at="2019-12-12T16:05:34Z">
          <reporter-output>
          </reporter-output>
        </test-method> <!-- testMergeStrings -->
        <test-method status="PASS" signature="cleanup()[pri:0, instance:TestSampleClass@191ad846]" name="cleanup" is-config="true" duration-ms="0" started-at="2019-12-12T16:05:34Z" finished-at="2019-12-12T16:05:34Z">
          <reporter-output>
          </reporter-output>
        </test-method> <!-- cleanup -->
        <test-method status="PASS" signature="testMergeStringsWithDash()[pri:2, instance:TestSampleClass@191ad846]" name="testMergeStringsWithDash" duration-ms="0" started-at="2019-12-12T16:05:34Z" finished-at="2019-12-12T16:05:34Z">
          <reporter-output>
          </reporter-output>
        </test-method> <!-- testMergeStringsWithDash -->
      </class> <!-- TestSampleClass -->
    </test> <!-- Command line test -->
  </suite> <!-- TestSampleClass -->
</testng-results>
